[2020/09/19 - http-nio-8080-exec-1 - INFO  - root    : At Controller - Show My Tickets function]
[2020/09/19 - http-nio-8080-exec-1 - INFO  - root    : Tickets retrieved]
[2020/09/19 - http-nio-8080-exec-2 - INFO  - root    : At Controller - Register customer function]
[2020/09/19 - http-nio-8080-exec-2 - ERROR - root    : Customer Already Exists.]
[2020/09/19 - http-nio-8080-exec-3 - INFO  - root    : At Controller - Register admin function]
[2020/09/19 - http-nio-8080-exec-3 - ERROR - root    : Admin Already Exists.]
[2020/09/19 - http-nio-8080-exec-4 - INFO  - root    : At Controller - Customer login function]
[2020/09/19 - http-nio-8080-exec-4 - ERROR - root    : Incorrect password]
[2020/09/19 - http-nio-8080-exec-5 - INFO  - root    : At Controller - Customer login function]
[2020/09/19 - http-nio-8080-exec-5 - INFO  - root    : Login successfull]
[2020/09/19 - http-nio-8080-exec-6 - INFO  - root    : At Controller - Change password function]
[2020/09/19 - http-nio-8080-exec-6 - ERROR - root    : Current Password is incorrect]
[2020/09/19 - http-nio-8080-exec-7 - INFO  - root    : At Controller - Change password function]
[2020/09/19 - http-nio-8080-exec-7 - ERROR - root    : New password can't be Same as Current]
[2020/09/19 - http-nio-8080-exec-8 - INFO  - root    : At Controller - Change password function]
[2020/09/19 - http-nio-8080-exec-8 - INFO  - root    : Password changed successfully]
[2020/09/19 - http-nio-8080-exec-9 - INFO  - root    : At Controller - Edit Customer function]
[2020/09/19 - http-nio-8080-exec-9 - INFO  - root    : Dhiraj Patil is updated successfully!..]
[2020/09/19 - http-nio-8080-exec-10 - INFO  - root    : At Controller - Forgot password function]
[2020/09/19 - http-nio-8080-exec-10 - INFO  - root    : Password retrieved]
[2020/09/19 - http-nio-8080-exec-1 - INFO  - root    : At Controller - Search Movie function]
[2020/09/19 - http-nio-8080-exec-1 - INFO  - root    : At DAO - Search movie]
[2020/09/19 - http-nio-8080-exec-2 - INFO  - root    : At Controller - Search Theatre function]
[2020/09/19 - http-nio-8080-exec-2 - INFO  - root    : At DAO - Search Theatre]
[2020/09/19 - http-nio-8080-exec-3 - INFO  - root    : At Controller - Get customer by id function]
[2020/09/19 - http-nio-8080-exec-3 - INFO  - root    : Customer retrieved]
[2020/09/19 - http-nio-8080-exec-4 - INFO  - root    : At Controller - Get Admin by id function]
[2020/09/19 - http-nio-8080-exec-4 - INFO  - root    : Admin retrieved]
[2020/09/19 - http-nio-8080-exec-1 - INFO  - root    : At Controller - Show My Tickets function]
[2020/09/19 - http-nio-8080-exec-1 - INFO  - root    : Tickets retrieved]
[2020/09/19 - http-nio-8080-exec-3 - INFO  - root    : At Controller - Register customer function]
[2020/09/19 - http-nio-8080-exec-3 - INFO  - root    : Dhiraj Patil is registered successfully!..]
[2020/09/19 - http-nio-8080-exec-4 - INFO  - root    : At Controller - Register customer function]
[2020/09/19 - http-nio-8080-exec-4 - ERROR - root    : Customer Already Exists.]
[2020/09/19 - http-nio-8080-exec-5 - INFO  - root    : At Controller - Register admin function]
[2020/09/19 - http-nio-8080-exec-5 - INFO  - root    : Kunal is registered successfully!..]
[2020/09/19 - http-nio-8080-exec-6 - INFO  - root    : At Controller - Customer login function]
[2020/09/19 - http-nio-8080-exec-6 - ERROR - root    : Incorrect password]
[2020/09/19 - http-nio-8080-exec-7 - INFO  - root    : At Controller - Customer login function]
[2020/09/19 - http-nio-8080-exec-7 - INFO  - root    : Login successfull]
[2020/09/19 - http-nio-8080-exec-9 - INFO  - root    : At Controller - Change password function]
[2020/09/19 - http-nio-8080-exec-9 - ERROR - root    : Current Password is incorrect]
[2020/09/19 - http-nio-8080-exec-1 - INFO  - root    : At Controller - Change password function]
[2020/09/19 - http-nio-8080-exec-1 - INFO  - root    : Password changed successfully]
[2020/09/19 - http-nio-8080-exec-3 - INFO  - root    : At Controller - Edit Customer function]
[2020/09/19 - http-nio-8080-exec-3 - INFO  - root    : Dhiraj Patil is updated successfully!..]
[2020/09/19 - http-nio-8080-exec-4 - INFO  - root    : At Controller - Forgot password function]
[2020/09/19 - http-nio-8080-exec-4 - INFO  - root    : Password retrieved]
[2020/09/19 - http-nio-8080-exec-6 - INFO  - root    : At Controller - Search Movie function]
[2020/09/19 - http-nio-8080-exec-6 - INFO  - root    : At DAO - Search movie]
[2020/09/19 - http-nio-8080-exec-7 - INFO  - root    : At Controller - Search Theatre function]
[2020/09/19 - http-nio-8080-exec-7 - INFO  - root    : At DAO - Search Theatre]
[2020/09/19 - http-nio-8080-exec-9 - INFO  - root    : At Controller - Get customer by id function]
[2020/09/19 - http-nio-8080-exec-9 - INFO  - root    : Customer retrieved]
[2020/09/19 - http-nio-8080-exec-10 - INFO  - root    : At Controller - Get Admin by id function]
[2020/09/19 - http-nio-8080-exec-10 - INFO  - root    : Admin retrieved]
[2020/09/21 - http-nio-8080-exec-1 - INFO  - root    : At Controller - Show My Tickets function]
[2020/09/21 - http-nio-8080-exec-1 - INFO  - root    : Tickets retrieved]
[2020/09/21 - http-nio-8080-exec-3 - INFO  - root    : At Controller - Get customer by id function]
[2020/09/21 - http-nio-8080-exec-3 - INFO  - root    : Customer retrieved]
[2020/09/21 - http-nio-8080-exec-1 - INFO  - root    : At Controller - Get customer by id function]
[2020/09/21 - http-nio-8080-exec-1 - INFO  - root    : Customer retrieved]
[2020/09/21 - http-nio-8080-exec-1 - INFO  - root    : At Controller - Show My Tickets function]
[2020/09/21 - http-nio-8080-exec-1 - INFO  - root    : Tickets retrieved]
[2020/09/21 - http-nio-8080-exec-2 - INFO  - root    : At Controller - Register customer function]
[2020/09/21 - http-nio-8080-exec-2 - ERROR - root    : Customer Already Exists.]
[2020/09/21 - http-nio-8080-exec-4 - INFO  - root    : At Controller - Get customer by id function]
[2020/09/21 - http-nio-8080-exec-4 - INFO  - root    : Customer retrieved]
[2020/09/21 - http-nio-8080-exec-5 - INFO  - root    : At Controller - Search Movie function]
[2020/09/21 - http-nio-8080-exec-5 - INFO  - root    : At DAO - Search movie]
[2020/09/21 - http-nio-8080-exec-7 - INFO  - root    : At Controller - Search Movie function]
[2020/09/21 - http-nio-8080-exec-7 - INFO  - root    : At DAO - Search movie]
[2020/09/21 - http-nio-8080-exec-10 - INFO  - root    : At Controller - Search Theatre function]
[2020/09/21 - http-nio-8080-exec-10 - INFO  - root    : At DAO - Search Theatre]
[2020/09/21 - http-nio-8080-exec-9 - INFO  - root    : At Controller - Search Theatre function]
[2020/09/21 - http-nio-8080-exec-9 - INFO  - root    : At DAO - Search Theatre]
[2020/09/21 - http-nio-8080-exec-1 - INFO  - root    : At Controller - Get customer by id function]
[2020/09/21 - http-nio-8080-exec-1 - INFO  - root    : Customer retrieved]
[2020/09/21 - http-nio-8080-exec-1 - INFO  - root    : At Controller - Get customer by id function]
[2020/09/21 - http-nio-8080-exec-1 - INFO  - root    : Customer retrieved]
[2020/09/21 - http-nio-8080-exec-1 - INFO  - root    : At Controller - Show My Tickets function]
[2020/09/21 - http-nio-8080-exec-1 - INFO  - root    : Tickets retrieved]
[2020/09/21 - http-nio-8080-exec-2 - INFO  - root    : At Controller - Register customer function]
[2020/09/21 - http-nio-8080-exec-2 - ERROR - root    : Customer Already Exists.]
[2020/09/21 - http-nio-8080-exec-3 - INFO  - root    : At Controller - Register admin function]
[2020/09/21 - http-nio-8080-exec-3 - ERROR - root    : Admin Already Exists.]
[2020/09/21 - http-nio-8080-exec-4 - INFO  - root    : At Controller - Customer login function]
[2020/09/21 - http-nio-8080-exec-4 - ERROR - root    : Incorrect password]
[2020/09/21 - http-nio-8080-exec-5 - INFO  - root    : At Controller - Customer login function]
[2020/09/21 - http-nio-8080-exec-5 - INFO  - root    : Login successfull]
[2020/09/21 - http-nio-8080-exec-6 - INFO  - root    : At Controller - Change password function]
[2020/09/21 - http-nio-8080-exec-6 - ERROR - root    : Current Password is incorrect]
[2020/09/21 - http-nio-8080-exec-7 - INFO  - root    : At Controller - Change password function]
[2020/09/21 - http-nio-8080-exec-7 - ERROR - root    : New password can't be Same as Current]
[2020/09/21 - http-nio-8080-exec-8 - INFO  - root    : At Controller - Change password function]
[2020/09/21 - http-nio-8080-exec-8 - INFO  - root    : Password changed successfully]
[2020/09/21 - http-nio-8080-exec-9 - INFO  - root    : At Controller - Edit Customer function]
[2020/09/21 - http-nio-8080-exec-9 - INFO  - root    : Dhiraj Patil is updated successfully!..]
[2020/09/21 - http-nio-8080-exec-10 - INFO  - root    : At Controller - Forgot password function]
[2020/09/21 - http-nio-8080-exec-10 - INFO  - root    : Password retrieved]
[2020/09/21 - http-nio-8080-exec-1 - INFO  - root    : At Controller - Search Movie function]
[2020/09/21 - http-nio-8080-exec-1 - INFO  - root    : At DAO - Search movie]
[2020/09/21 - http-nio-8080-exec-2 - INFO  - root    : At Controller - Search Theatre function]
[2020/09/21 - http-nio-8080-exec-2 - INFO  - root    : At DAO - Search Theatre]
[2020/09/21 - http-nio-8080-exec-3 - INFO  - root    : At Controller - Get customer by id function]
[2020/09/21 - http-nio-8080-exec-3 - INFO  - root    : Customer retrieved]
[2020/09/21 - http-nio-8080-exec-4 - INFO  - root    : At Controller - Get customer by id function]
[2020/09/21 - http-nio-8080-exec-4 - INFO  - root    : Customer retrieved]
[2020/09/21 - http-nio-8080-exec-5 - INFO  - root    : At Controller - Get customer by id function]
[2020/09/21 - http-nio-8080-exec-5 - INFO  - root    : Customer retrieved]
[2020/09/21 - http-nio-8080-exec-6 - INFO  - root    : At Controller - Get Admin by id function]
[2020/09/21 - http-nio-8080-exec-6 - INFO  - root    : Admin retrieved]
[2020/09/21 - http-nio-8080-exec-1 - INFO  - root    : At Controller - Show My Tickets function]
[2020/09/21 - http-nio-8080-exec-1 - INFO  - root    : Tickets retrieved]
[2020/09/21 - http-nio-8080-exec-3 - INFO  - root    : At Controller - Register customer function]
[2020/09/21 - http-nio-8080-exec-3 - INFO  - root    : Dhiraj Patil is registered successfully!..]
[2020/09/21 - http-nio-8080-exec-4 - INFO  - root    : At Controller - Register admin function]
[2020/09/21 - http-nio-8080-exec-4 - INFO  - root    : Kunal is registered successfully!..]
[2020/09/21 - http-nio-8080-exec-6 - INFO  - root    : At Controller - Search Theatre function]
[2020/09/21 - http-nio-8080-exec-6 - INFO  - root    : At DAO - Search Theatre]
[2020/09/21 - http-nio-8080-exec-7 - INFO  - root    : At Controller - Search Movie function]
[2020/09/21 - http-nio-8080-exec-7 - INFO  - root    : At DAO - Search movie]
[2020/09/21 - http-nio-8080-exec-1 - INFO  - root    : At Controller - Show My Tickets function]
[2020/09/21 - http-nio-8080-exec-1 - INFO  - root    : Tickets retrieved]
[2020/09/21 - http-nio-8080-exec-1 - INFO  - root    : At Controller - Show My Tickets function]
[2020/09/21 - http-nio-8080-exec-1 - INFO  - root    : Tickets retrieved]
[2020/09/22 - http-nio-8080-exec-1 - INFO  - root    : At Controller - Show My Tickets function]
[2020/09/22 - http-nio-8080-exec-1 - INFO  - root    : Tickets retrieved]
[2020/09/22 - http-nio-8080-exec-3 - INFO  - root    : At Controller - Register customer function]
[2020/09/22 - http-nio-8080-exec-3 - INFO  - root    : Dhiraj Patil is registered successfully!..]
[2020/09/22 - http-nio-8080-exec-4 - INFO  - root    : At Controller - Register admin function]
[2020/09/22 - http-nio-8080-exec-4 - INFO  - root    : Kunal is registered successfully!..]
[2020/09/22 - http-nio-8080-exec-5 - INFO  - root    : At Controller - Customer login function]
[2020/09/22 - http-nio-8080-exec-5 - ERROR - root    : Incorrect password]
[2020/09/22 - http-nio-8080-exec-6 - INFO  - root    : At Controller - Customer login function]
[2020/09/22 - http-nio-8080-exec-6 - INFO  - root    : Login successfull]
[2020/09/22 - http-nio-8080-exec-8 - INFO  - root    : At Controller - Change password function]
[2020/09/22 - http-nio-8080-exec-8 - ERROR - root    : Current Password is incorrect]
[2020/09/22 - http-nio-8080-exec-9 - INFO  - root    : At Controller - Change password function]
[2020/09/22 - http-nio-8080-exec-9 - INFO  - root    : Password changed successfully]
[2020/09/22 - http-nio-8080-exec-10 - INFO  - root    : At Controller - Edit Customer function]
[2020/09/22 - http-nio-8080-exec-10 - INFO  - root    : Dhiraj Patil is updated successfully!..]
[2020/09/22 - http-nio-8080-exec-2 - INFO  - root    : At Controller - Forgot password function]
[2020/09/22 - http-nio-8080-exec-2 - INFO  - root    : Password retrieved]
[2020/09/22 - http-nio-8080-exec-3 - INFO  - root    : At Controller - Search Movie function]
[2020/09/22 - http-nio-8080-exec-3 - INFO  - root    : At DAO - Search movie]
[2020/09/22 - http-nio-8080-exec-5 - INFO  - root    : At Controller - Search Theatre function]
[2020/09/22 - http-nio-8080-exec-5 - INFO  - root    : At DAO - Search Theatre]
[2020/09/22 - http-nio-8080-exec-7 - INFO  - root    : At Controller - Get customer by id function]
[2020/09/22 - http-nio-8080-exec-7 - INFO  - root    : Customer retrieved]
[2020/09/22 - http-nio-8080-exec-9 - INFO  - root    : At Controller - Get Admin by id function]
[2020/09/22 - http-nio-8080-exec-9 - INFO  - root    : Admin retrieved]
[2020/09/22 - http-nio-8080-exec-1 - INFO  - root    : At Controller - Edit Admin function]
[2020/09/22 - http-nio-8080-exec-1 - INFO  - root    : Kunal D is updated successfully!..]
[2020/09/22 - http-nio-8080-exec-2 - INFO  - root    : At Controller - Get Admin by id function]
[2020/09/22 - http-nio-8080-exec-2 - INFO  - root    : Admin retrieved]
[2020/09/22 - http-nio-8080-exec-2 - INFO  - root    : At Controller - Change password Admin function]
[2020/09/22 - http-nio-8080-exec-2 - ERROR - root    : New password can't be Same as Current]
[2020/09/22 - http-nio-8080-exec-1 - INFO  - root    : At Controller - Change password Admin function]
[2020/09/22 - http-nio-8080-exec-1 - INFO  - root    : Password changed successfully]
[2020/09/22 - http-nio-8080-exec-3 - INFO  - root    : At Controller - Edit Admin function]
[2020/09/22 - http-nio-8080-exec-3 - INFO  - root    : Kunal D is updated successfully!..]
[2020/09/22 - http-nio-8080-exec-5 - INFO  - root    : At Controller - Change password Admin function]
[2020/09/22 - http-nio-8080-exec-5 - INFO  - root    : Password changed successfully]
[2020/09/22 - http-nio-8080-exec-6 - INFO  - root    : At Controller - Get Admin by id function]
[2020/09/22 - http-nio-8080-exec-6 - INFO  - root    : Admin retrieved]
[2020/09/22 - http-nio-8080-exec-1 - INFO  - root    : At Controller - Forgot password Admin function]
[2020/09/22 - http-nio-8080-exec-1 - ERROR - root    : Invalid Security question/Answer]
[2020/09/22 - http-nio-8080-exec-2 - INFO  - root    : At Controller - Forgot password Admin function]
[2020/09/22 - http-nio-8080-exec-2 - ERROR - root    : Invalid Security question/Answer]
[2020/09/22 - http-nio-8080-exec-3 - INFO  - root    : At Controller - Forgot password Admin function]
[2020/09/22 - http-nio-8080-exec-3 - INFO  - root    : Password retrieved]
[2020/09/23 - main - ERROR - root    : Customer Already Exists.]
[2020/09/23 - main - ERROR - root    : Incorrect password]
[2020/09/23 - main - ERROR - root    : Customer Already Exists.]
[2020/09/23 - main - ERROR - root    : Current Password is incorrect]
[2020/09/23 - main - ERROR - root    : Customer Already Exists.]
[2020/09/23 - main - ERROR - root    : Customer Already Exists.]
[2020/09/23 - main - ERROR - root    : Customer Already Exists.]
[2020/09/23 - main - INFO  - root    : Pratik is registered successfully!..]
[2020/09/23 - main - ERROR - root    : Customer Already Exists.]
[2020/09/23 - main - INFO  - root    : Password retrieved]
[2020/09/23 - main - ERROR - root    : Customer Already Exists.]
[2020/09/23 - main - INFO  - root    : Password changed successfully]
[2020/09/23 - main - ERROR - root    : Customer Already Exists.]
[2020/09/23 - main - INFO  - root    : Login successfull]
[2020/09/23 - main - ERROR - root    : Customer Already Exists.]
[2020/09/23 - main - ERROR - root    : Invalid Security question/Answer]
[2020/09/23 - main - ERROR - root    : Customer Already Exists.]
[2020/09/23 - main - ERROR - root    : Incorrect password]
[2020/09/23 - main - ERROR - root    : Customer Already Exists.]
[2020/09/23 - main - ERROR - root    : Current Password is incorrect]
[2020/09/23 - main - ERROR - root    : Customer Already Exists.]
[2020/09/23 - main - INFO  - root    : Pratik is registered successfully!..]
[2020/09/23 - main - ERROR - root    : Customer Already Exists.]
[2020/09/23 - main - ERROR - root    : Customer Already Exists.]
[2020/09/23 - main - ERROR - root    : Customer Already Exists.]
[2020/09/23 - main - INFO  - root    : Password retrieved]
[2020/09/23 - main - ERROR - root    : Customer Already Exists.]
[2020/09/23 - main - INFO  - root    : Password changed successfully]
[2020/09/23 - main - ERROR - root    : Customer Already Exists.]
[2020/09/23 - main - INFO  - root    : Login successfull]
[2020/09/23 - main - ERROR - root    : Customer Already Exists.]
[2020/09/23 - main - ERROR - root    : Invalid Security question/Answer]
[2020/09/23 - http-nio-8080-exec-1 - INFO  - root    : At Controller - Show My Tickets function]
[2020/09/23 - http-nio-8080-exec-1 - INFO  - root    : Tickets retrieved]
[2020/09/23 - http-nio-8080-exec-1 - INFO  - root    : At Controller - Register customer function]
[2020/09/23 - http-nio-8080-exec-2 - INFO  - root    : At Controller - Register customer function]
[2020/09/23 - http-nio-8080-exec-2 - INFO  - root    : Dhiraj Patil is registered successfully!..]
[2020/09/23 - http-nio-8080-exec-3 - INFO  - root    : At Controller - Register customer function]
[2020/09/23 - http-nio-8080-exec-3 - ERROR - root    : Customer Already Exists.]
[2020/09/23 - http-nio-8080-exec-5 - INFO  - root    : At Controller - Register admin function]
[2020/09/23 - http-nio-8080-exec-6 - INFO  - root    : At Controller - Register admin function]
[2020/09/23 - http-nio-8080-exec-6 - INFO  - root    : Kunal is registered successfully!..]
[2020/09/23 - http-nio-8080-exec-7 - INFO  - root    : At Controller - Register admin function]
[2020/09/23 - http-nio-8080-exec-7 - ERROR - root    : Admin Already Exists.]
[2020/09/23 - http-nio-8080-exec-9 - INFO  - root    : At Controller - Customer login function]
[2020/09/23 - http-nio-8080-exec-9 - INFO  - root    : Login successfull]
[2020/09/23 - http-nio-8080-exec-1 - INFO  - root    : At Controller - Change password function]
[2020/09/23 - http-nio-8080-exec-1 - INFO  - root    : Password changed successfully]
[2020/09/23 - http-nio-8080-exec-3 - INFO  - root    : At Controller - Edit Customer function]
[2020/09/23 - http-nio-8080-exec-3 - INFO  - root    : Dhiraj Patil is updated successfully!..]
[2020/09/23 - http-nio-8080-exec-5 - INFO  - root    : At Controller - Forgot password function]
[2020/09/23 - http-nio-8080-exec-5 - INFO  - root    : Password retrieved]
[2020/09/23 - http-nio-8080-exec-6 - INFO  - root    : At Controller - Search Movie function]
[2020/09/23 - http-nio-8080-exec-6 - INFO  - root    : At DAO - Search movie]
[2020/09/23 - http-nio-8080-exec-7 - INFO  - root    : At Controller - Search Theatre function]
[2020/09/23 - http-nio-8080-exec-7 - INFO  - root    : At DAO - Search Theatre]
[2020/09/23 - http-nio-8080-exec-8 - INFO  - root    : At Controller - Get customer by id function]
[2020/09/23 - http-nio-8080-exec-8 - INFO  - root    : Customer retrieved]
[2020/09/23 - http-nio-8080-exec-10 - INFO  - root    : At Controller - Get Admin by id function]
[2020/09/23 - http-nio-8080-exec-10 - INFO  - root    : Admin retrieved]
[2020/09/23 - http-nio-8080-exec-2 - INFO  - root    : At Controller - Edit Admin function]
[2020/09/23 - http-nio-8080-exec-3 - INFO  - root    : At Controller - Edit Admin function]
[2020/09/23 - http-nio-8080-exec-4 - INFO  - root    : At Controller - Edit Admin function]
[2020/09/23 - http-nio-8080-exec-4 - INFO  - root    : Kunal D is updated successfully!..]
[2020/09/23 - http-nio-8080-exec-6 - INFO  - root    : At Controller - Change password Admin function]
[2020/09/23 - http-nio-8080-exec-6 - INFO  - root    : Password changed successfully]
[2020/09/23 - http-nio-8080-exec-7 - INFO  - root    : At Controller - Forgot password Admin function]
[2020/09/23 - http-nio-8080-exec-7 - INFO  - root    : Password retrieved]
[2020/09/23 - http-nio-8080-exec-2 - INFO  - root    : At Controller - Register customer function]
[2020/09/23 - http-nio-8080-exec-3 - INFO  - root    : At Controller - Register customer function]
[2020/09/23 - http-nio-8080-exec-4 - INFO  - root    : At Controller - Register customer function]
[2020/09/23 - http-nio-8080-exec-1 - INFO  - root    : At Controller - Register customer function]
[2020/09/23 - http-nio-8080-exec-2 - INFO  - root    : At Controller - Register customer function]
[2020/09/23 - http-nio-8080-exec-2 - INFO  - root    : Dhiraj Patil is registered successfully!..]
[2020/09/23 - http-nio-8080-exec-1 - INFO  - root    : At Controller - Register customer function]
[2020/09/23 - http-nio-8080-exec-1 - INFO  - root    : Dhiraj Patil is registered successfully!..]
[2020/09/23 - http-nio-8080-exec-2 - INFO  - root    : At Controller - Register customer function]
[2020/09/23 - http-nio-8080-exec-4 - INFO  - root    : At Controller - Register customer function]
[2020/09/23 - http-nio-8080-exec-4 - ERROR - root    : Customer Already Exists.]
[2020/09/23 - http-nio-8080-exec-6 - INFO  - root    : At Controller - Register customer function]
[2020/09/23 - http-nio-8080-exec-1 - INFO  - root    : At Controller - Register customer function]
[2020/09/23 - http-nio-8080-exec-1 - INFO  - root    : At Controller - Register customer function]
[2020/09/23 - http-nio-8080-exec-1 - INFO  - root    : At Controller - Register customer function]
[2020/09/23 - http-nio-8080-exec-1 - INFO  - root    : Dhiraj Patil is registered successfully!..]
[2020/09/23 - http-nio-8080-exec-2 - INFO  - root    : At Controller - Register customer function]
[2020/09/23 - http-nio-8080-exec-2 - INFO  - root    : At Controller - Register customer function]
[2020/09/23 - http-nio-8080-exec-2 - INFO  - root    : Harshal is registered successfully!..]
[2020/09/23 - http-nio-8080-exec-6 - INFO  - root    : At Controller - Customer login function]
[2020/09/23 - http-nio-8080-exec-6 - INFO  - root    : Login successfull]
[2020/09/23 - http-nio-8080-exec-8 - INFO  - root    : At Controller - Customer login function]
[2020/09/23 - http-nio-8080-exec-8 - ERROR - root    : Incorrect password]
[2020/09/23 - http-nio-8080-exec-10 - INFO  - root    : At Controller - Customer login function]
[2020/09/23 - http-nio-8080-exec-10 - INFO  - root    : Login successfull]
[2020/09/23 - http-nio-8080-exec-2 - INFO  - root    : At Controller - Customer login function]
[2020/09/23 - http-nio-8080-exec-2 - INFO  - root    : Login successfull]
[2020/09/23 - http-nio-8080-exec-4 - INFO  - root    : At Controller - Customer login function]
[2020/09/23 - http-nio-8080-exec-4 - INFO  - root    : Login successfull]
[2020/09/23 - http-nio-8080-exec-5 - INFO  - root    : At Controller - Customer login function]
[2020/09/23 - http-nio-8080-exec-5 - ERROR - root    : Incorrect password]
[2020/09/23 - http-nio-8080-exec-7 - INFO  - root    : At Controller - Customer login function]
[2020/09/23 - http-nio-8080-exec-7 - INFO  - root    : Login successfull]
[2020/09/23 - http-nio-8080-exec-9 - INFO  - root    : At Controller - Customer login function]
[2020/09/23 - http-nio-8080-exec-9 - ERROR - root    : Incorrect password]
[2020/09/23 - http-nio-8080-exec-1 - INFO  - root    : At Controller - Customer login function]
[2020/09/23 - http-nio-8080-exec-1 - ERROR - root    : Incorrect password]
[2020/09/23 - http-nio-8080-exec-2 - INFO  - root    : At Controller - Customer login function]
[2020/09/23 - http-nio-8080-exec-2 - ERROR - root    : Incorrect password]
[2020/09/23 - http-nio-8080-exec-3 - INFO  - root    : At Controller - Customer login function]
[2020/09/23 - http-nio-8080-exec-3 - ERROR - root    : Incorrect password]
[2020/09/23 - http-nio-8080-exec-5 - INFO  - root    : At Controller - Change password function]
[2020/09/23 - http-nio-8080-exec-5 - INFO  - root    : Password changed successfully]
[2020/09/23 - http-nio-8080-exec-7 - INFO  - root    : At Controller - Change password function]
[2020/09/23 - http-nio-8080-exec-7 - ERROR - root    : Current Password is incorrect]
[2020/09/23 - http-nio-8080-exec-9 - INFO  - root    : At Controller - Change password function]
[2020/09/23 - http-nio-8080-exec-9 - INFO  - root    : Password changed successfully]
[2020/09/23 - http-nio-8080-exec-10 - INFO  - root    : At Controller - Change password function]
[2020/09/23 - http-nio-8080-exec-10 - ERROR - root    : New password can't be Same as Current]
[2020/09/23 - http-nio-8080-exec-2 - INFO  - root    : At Controller - Register customer function]
[2020/09/23 - http-nio-8080-exec-2 - INFO  - root    : Harshal is registered successfully!..]
[2020/09/23 - http-nio-8080-exec-7 - INFO  - root    : At Controller - Forgot password function]
[2020/09/23 - http-nio-8080-exec-7 - INFO  - root    : Password retrieved]
[2020/09/23 - http-nio-8080-exec-8 - INFO  - root    : At Controller - Forgot password function]
[2020/09/23 - http-nio-8080-exec-8 - ERROR - root    : Invalid Security question/Answer]
[2020/09/23 - http-nio-8080-exec-9 - INFO  - root    : At Controller - Forgot password function]
[2020/09/23 - http-nio-8080-exec-9 - ERROR - root    : Invalid Security question/Answer]
[2020/09/23 - http-nio-8080-exec-10 - INFO  - root    : At Controller - Forgot password function]
[2020/09/23 - http-nio-8080-exec-10 - ERROR - root    : UserId does not exist]
[2020/09/23 - http-nio-8080-exec-2 - INFO  - root    : At Controller - Customer login function]
[2020/09/23 - http-nio-8080-exec-2 - INFO  - root    : Login successfull]
[2020/09/23 - http-nio-8080-exec-4 - INFO  - root    : At Controller - Customer login function]
[2020/09/23 - http-nio-8080-exec-4 - INFO  - root    : Login successfull]
[2020/09/23 - http-nio-8080-exec-6 - INFO  - root    : At Controller - Customer login function]
[2020/09/23 - http-nio-8080-exec-6 - INFO  - root    : Login successfull]
[2020/09/23 - http-nio-8080-exec-8 - INFO  - root    : At Controller - Customer login function]
[2020/09/23 - http-nio-8080-exec-8 - INFO  - root    : Login successfull]
[2020/09/23 - http-nio-8080-exec-9 - INFO  - root    : At Controller - Get customer by id function]
[2020/09/23 - http-nio-8080-exec-9 - INFO  - root    : Customer retrieved]
[2020/09/23 - http-nio-8080-exec-10 - INFO  - root    : At Controller - Get customer by id function]
[2020/09/23 - http-nio-8080-exec-10 - INFO  - root    : Customer retrieved]
[2020/09/23 - http-nio-8080-exec-1 - INFO  - root    : At Controller - Get customer by id function]
[2020/09/23 - http-nio-8080-exec-1 - INFO  - root    : Customer retrieved]
[2020/09/23 - http-nio-8080-exec-3 - INFO  - root    : At Controller - Get customer by id function]
[2020/09/23 - http-nio-8080-exec-3 - INFO  - root    : Customer retrieved]
[2020/09/23 - http-nio-8080-exec-4 - INFO  - root    : At Controller - Get customer by id function]
[2020/09/23 - http-nio-8080-exec-4 - INFO  - root    : Customer retrieved]
[2020/09/23 - http-nio-8080-exec-6 - INFO  - root    : At Controller - Get customer by id function]
[2020/09/23 - http-nio-8080-exec-6 - INFO  - root    : Customer retrieved]
[2020/09/23 - http-nio-8080-exec-7 - INFO  - root    : At Controller - Get customer by id function]
[2020/09/23 - http-nio-8080-exec-7 - INFO  - root    : Customer retrieved]
[2020/09/23 - http-nio-8080-exec-8 - INFO  - root    : At Controller - Get customer by id function]
[2020/09/23 - http-nio-8080-exec-8 - INFO  - root    : Customer retrieved]
[2020/09/23 - http-nio-8080-exec-9 - INFO  - root    : At Controller - Get customer by id function]
[2020/09/23 - http-nio-8080-exec-9 - INFO  - root    : Customer retrieved]
[2020/09/23 - http-nio-8080-exec-10 - INFO  - root    : At Controller - Get customer by id function]
[2020/09/23 - http-nio-8080-exec-10 - INFO  - root    : Customer retrieved]
[2020/09/23 - http-nio-8080-exec-1 - INFO  - root    : At Controller - Get customer by id function]
[2020/09/23 - http-nio-8080-exec-1 - INFO  - root    : Customer retrieved]
[2020/09/23 - http-nio-8080-exec-2 - INFO  - root    : At Controller - Get customer by id function]
[2020/09/23 - http-nio-8080-exec-2 - INFO  - root    : Customer retrieved]
[2020/09/23 - http-nio-8080-exec-3 - INFO  - root    : At Controller - Get customer by id function]
[2020/09/23 - http-nio-8080-exec-3 - INFO  - root    : Customer retrieved]
[2020/09/23 - http-nio-8080-exec-4 - INFO  - root    : At Controller - Get customer by id function]
[2020/09/23 - http-nio-8080-exec-4 - INFO  - root    : Customer retrieved]
[2020/09/23 - http-nio-8080-exec-6 - INFO  - root    : At Controller - Get customer by id function]
[2020/09/23 - http-nio-8080-exec-6 - INFO  - root    : Customer retrieved]
[2020/09/23 - http-nio-8080-exec-7 - INFO  - root    : At Controller - Get customer by id function]
[2020/09/23 - http-nio-8080-exec-7 - INFO  - root    : Customer retrieved]
[2020/09/23 - http-nio-8080-exec-8 - INFO  - root    : At Controller - Get customer by id function]
[2020/09/23 - http-nio-8080-exec-8 - INFO  - root    : Customer retrieved]
[2020/09/23 - http-nio-8080-exec-9 - INFO  - root    : At Controller - Get customer by id function]
[2020/09/23 - http-nio-8080-exec-9 - INFO  - root    : Customer retrieved]
[2020/09/23 - http-nio-8080-exec-10 - INFO  - root    : At Controller - Get customer by id function]
[2020/09/23 - http-nio-8080-exec-10 - INFO  - root    : Customer retrieved]
[2020/09/23 - http-nio-8080-exec-1 - INFO  - root    : At Controller - Get customer by id function]
[2020/09/23 - http-nio-8080-exec-1 - INFO  - root    : Customer retrieved]
[2020/09/23 - http-nio-8080-exec-2 - INFO  - root    : At Controller - Get customer by id function]
[2020/09/23 - http-nio-8080-exec-2 - INFO  - root    : Customer retrieved]
[2020/09/23 - http-nio-8080-exec-3 - INFO  - root    : At Controller - Get customer by id function]
[2020/09/23 - http-nio-8080-exec-3 - INFO  - root    : Customer retrieved]
[2020/09/23 - http-nio-8080-exec-4 - INFO  - root    : At Controller - Get customer by id function]
[2020/09/23 - http-nio-8080-exec-4 - INFO  - root    : Customer retrieved]
[2020/09/23 - http-nio-8080-exec-5 - INFO  - root    : At Controller - Get customer by id function]
[2020/09/23 - http-nio-8080-exec-5 - INFO  - root    : Customer retrieved]
[2020/09/23 - http-nio-8080-exec-6 - INFO  - root    : At Controller - Get customer by id function]
[2020/09/23 - http-nio-8080-exec-6 - INFO  - root    : Customer retrieved]
[2020/09/23 - http-nio-8080-exec-7 - INFO  - root    : At Controller - Get customer by id function]
[2020/09/23 - http-nio-8080-exec-7 - INFO  - root    : Customer retrieved]
[2020/09/23 - http-nio-8080-exec-9 - INFO  - root    : At Controller - Edit Customer function]
[2020/09/23 - http-nio-8080-exec-9 - INFO  - root    : Harshal is updated successfully!..]
[2020/09/23 - http-nio-8080-exec-10 - INFO  - root    : At Controller - Edit Customer function]
[2020/09/23 - http-nio-8080-exec-10 - INFO  - root    : Harshal is updated successfully!..]
[2020/09/23 - http-nio-8080-exec-2 - INFO  - root    : At Controller - Get customer by id function]
[2020/09/23 - http-nio-8080-exec-2 - INFO  - root    : Customer retrieved]
[2020/09/23 - http-nio-8080-exec-3 - INFO  - root    : At Controller - Get customer by id function]
[2020/09/23 - http-nio-8080-exec-3 - INFO  - root    : Customer retrieved]
[2020/09/23 - http-nio-8080-exec-5 - INFO  - root    : At Controller - Get customer by id function]
[2020/09/23 - http-nio-8080-exec-5 - INFO  - root    : Customer retrieved]
[2020/09/23 - http-nio-8080-exec-7 - INFO  - root    : At Controller - Get customer by id function]
[2020/09/23 - http-nio-8080-exec-7 - INFO  - root    : Customer retrieved]
[2020/09/23 - http-nio-8080-exec-9 - INFO  - root    : At Controller - Get customer by id function]
[2020/09/23 - http-nio-8080-exec-9 - INFO  - root    : Customer retrieved]
[2020/09/23 - http-nio-8080-exec-1 - INFO  - root    : At Controller - Get customer by id function]
[2020/09/23 - http-nio-8080-exec-1 - INFO  - root    : Customer retrieved]
[2020/09/23 - http-nio-8080-exec-3 - INFO  - root    : At Controller - Get customer by id function]
[2020/09/23 - http-nio-8080-exec-3 - INFO  - root    : Customer retrieved]
[2020/09/23 - http-nio-8080-exec-5 - INFO  - root    : At Controller - Get customer by id function]
[2020/09/23 - http-nio-8080-exec-5 - INFO  - root    : Customer retrieved]
[2020/09/23 - http-nio-8080-exec-7 - INFO  - root    : At Controller - Get customer by id function]
[2020/09/23 - http-nio-8080-exec-7 - INFO  - root    : Customer retrieved]
[2020/09/23 - http-nio-8080-exec-9 - INFO  - root    : At Controller - Get customer by id function]
[2020/09/23 - http-nio-8080-exec-9 - INFO  - root    : Customer retrieved]
[2020/09/23 - http-nio-8080-exec-5 - INFO  - root    : At Controller - Show My Tickets function]
[2020/09/23 - http-nio-8080-exec-5 - INFO  - root    : Tickets retrieved]
[2020/09/23 - http-nio-8080-exec-7 - INFO  - root    : At Controller - Show My Tickets function]
[2020/09/23 - http-nio-8080-exec-7 - INFO  - root    : Tickets retrieved]
[2020/09/23 - http-nio-8080-exec-8 - INFO  - root    : At Controller - Show My Tickets function]
[2020/09/23 - http-nio-8080-exec-8 - INFO  - root    : Tickets retrieved]
[2020/09/23 - http-nio-8080-exec-9 - INFO  - root    : At Controller - Show My Tickets function]
[2020/09/23 - http-nio-8080-exec-9 - INFO  - root    : Tickets retrieved]
[2020/09/23 - http-nio-8080-exec-10 - INFO  - root    : At Controller - Show My Tickets function]
[2020/09/23 - http-nio-8080-exec-10 - INFO  - root    : Tickets retrieved]
[2020/09/23 - http-nio-8080-exec-1 - INFO  - root    : At Controller - Show My Tickets function]
[2020/09/23 - http-nio-8080-exec-1 - INFO  - root    : Tickets retrieved]
[2020/09/23 - http-nio-8080-exec-2 - INFO  - root    : At Controller - Show My Tickets function]
[2020/09/23 - http-nio-8080-exec-2 - INFO  - root    : Tickets retrieved]
[2020/09/23 - http-nio-8080-exec-3 - INFO  - root    : At Controller - Show My Tickets function]
[2020/09/23 - http-nio-8080-exec-3 - INFO  - root    : Tickets retrieved]
[2020/09/23 - http-nio-8080-exec-4 - INFO  - root    : At Controller - Show My Tickets function]
[2020/09/23 - http-nio-8080-exec-4 - INFO  - root    : Tickets retrieved]
[2020/09/23 - http-nio-8080-exec-5 - INFO  - root    : At Controller - Show My Tickets function]
[2020/09/23 - http-nio-8080-exec-5 - INFO  - root    : Tickets retrieved]
[2020/09/23 - http-nio-8080-exec-6 - INFO  - root    : At Controller - Show My Tickets function]
[2020/09/23 - http-nio-8080-exec-6 - INFO  - root    : Tickets retrieved]
[2020/09/23 - http-nio-8080-exec-7 - INFO  - root    : At Controller - Show My Tickets function]
[2020/09/23 - http-nio-8080-exec-7 - INFO  - root    : Tickets retrieved]
[2020/09/23 - http-nio-8080-exec-8 - INFO  - root    : At Controller - Show My Tickets function]
[2020/09/23 - http-nio-8080-exec-8 - INFO  - root    : Tickets retrieved]
[2020/09/23 - http-nio-8080-exec-9 - INFO  - root    : At Controller - Show My Tickets function]
[2020/09/23 - http-nio-8080-exec-9 - INFO  - root    : Tickets retrieved]
[2020/09/23 - http-nio-8080-exec-10 - INFO  - root    : At Controller - Show My Tickets function]
[2020/09/23 - http-nio-8080-exec-10 - INFO  - root    : Tickets retrieved]
[2020/09/23 - http-nio-8080-exec-1 - INFO  - root    : At Controller - Show My Tickets function]
[2020/09/23 - http-nio-8080-exec-1 - INFO  - root    : Tickets retrieved]
[2020/09/23 - http-nio-8080-exec-2 - INFO  - root    : At Controller - Show My Tickets function]
[2020/09/23 - http-nio-8080-exec-2 - INFO  - root    : Tickets retrieved]
[2020/09/23 - http-nio-8080-exec-4 - INFO  - root    : At Controller - Show My Tickets function]
[2020/09/23 - http-nio-8080-exec-4 - INFO  - root    : Tickets retrieved]
[2020/09/23 - http-nio-8080-exec-5 - INFO  - root    : At Controller - Show My Tickets function]
[2020/09/23 - http-nio-8080-exec-5 - INFO  - root    : Tickets retrieved]
[2020/09/23 - http-nio-8080-exec-6 - INFO  - root    : At Controller - Show My Tickets function]
[2020/09/23 - http-nio-8080-exec-6 - INFO  - root    : Tickets retrieved]
[2020/09/23 - http-nio-8080-exec-8 - INFO  - root    : At Controller - Show My Tickets function]
[2020/09/23 - http-nio-8080-exec-8 - INFO  - root    : Tickets retrieved]
[2020/09/23 - http-nio-8080-exec-9 - INFO  - root    : At Controller - Show My Tickets function]
[2020/09/23 - http-nio-8080-exec-9 - INFO  - root    : Tickets retrieved]
[2020/09/23 - http-nio-8080-exec-1 - INFO  - root    : At Controller - Show My Tickets function]
[2020/09/23 - http-nio-8080-exec-1 - INFO  - root    : Tickets retrieved]
[2020/09/23 - http-nio-8080-exec-2 - INFO  - root    : At Controller - Show My Tickets function]
[2020/09/23 - http-nio-8080-exec-2 - INFO  - root    : Tickets retrieved]
[2020/09/23 - http-nio-8080-exec-3 - INFO  - root    : At Controller - Show My Tickets function]
[2020/09/23 - http-nio-8080-exec-3 - INFO  - root    : Tickets retrieved]
[2020/09/23 - http-nio-8080-exec-4 - INFO  - root    : At Controller - Show My Tickets function]
[2020/09/23 - http-nio-8080-exec-4 - INFO  - root    : Tickets retrieved]
[2020/09/23 - http-nio-8080-exec-5 - INFO  - root    : At Controller - Show My Tickets function]
[2020/09/23 - http-nio-8080-exec-5 - INFO  - root    : Tickets retrieved]
[2020/09/23 - http-nio-8080-exec-6 - INFO  - root    : At Controller - Show My Tickets function]
[2020/09/23 - http-nio-8080-exec-6 - INFO  - root    : Tickets retrieved]
[2020/09/23 - http-nio-8080-exec-7 - INFO  - root    : At Controller - Show My Tickets function]
[2020/09/23 - http-nio-8080-exec-7 - INFO  - root    : Tickets retrieved]
[2020/09/23 - http-nio-8080-exec-8 - INFO  - root    : At Controller - Show My Tickets function]
[2020/09/23 - http-nio-8080-exec-8 - INFO  - root    : Tickets retrieved]
[2020/09/23 - http-nio-8080-exec-9 - INFO  - root    : At Controller - Show My Tickets function]
[2020/09/23 - http-nio-8080-exec-10 - INFO  - root    : At Controller - Show My Tickets function]
[2020/09/23 - http-nio-8080-exec-3 - INFO  - root    : At Controller - Register customer function]
[2020/09/23 - http-nio-8080-exec-3 - INFO  - root    : Dhiraj Patil is registered successfully!..]
[2020/09/23 - http-nio-8080-exec-4 - INFO  - root    : At Controller - Customer login function]
[2020/09/23 - http-nio-8080-exec-4 - ERROR - root    : Incorrect password]
[2020/09/23 - http-nio-8080-exec-5 - INFO  - root    : At Controller - Customer login function]
[2020/09/23 - http-nio-8080-exec-5 - INFO  - root    : Login successfull]
[2020/09/23 - http-nio-8080-exec-6 - INFO  - root    : At Controller - Get customer by id function]
[2020/09/23 - http-nio-8080-exec-6 - INFO  - root    : Customer retrieved]
[2020/09/23 - http-nio-8080-exec-8 - INFO  - root    : At Controller - Edit Customer function]
[2020/09/23 - http-nio-8080-exec-8 - INFO  - root    : Dhiraj P is updated successfully!..]
[2020/09/23 - http-nio-8080-exec-9 - INFO  - root    : At Controller - Change password function]
[2020/09/23 - http-nio-8080-exec-9 - ERROR - root    : Current Password is incorrect]
[2020/09/23 - http-nio-8080-exec-10 - INFO  - root    : At Controller - Change password function]
[2020/09/23 - http-nio-8080-exec-10 - ERROR - root    : New password can't be Same as Current]
[2020/09/23 - http-nio-8080-exec-1 - INFO  - root    : At Controller - Change password function]
[2020/09/23 - http-nio-8080-exec-1 - INFO  - root    : Password changed successfully]
[2020/09/23 - http-nio-8080-exec-4 - INFO  - root    : At Controller - Forgot password function]
[2020/09/23 - http-nio-8080-exec-4 - ERROR - root    : Invalid Security question/Answer]
[2020/09/23 - http-nio-8080-exec-5 - INFO  - root    : At Controller - Forgot password function]
[2020/09/23 - http-nio-8080-exec-5 - INFO  - root    : Password retrieved]
[2020/09/23 - http-nio-8080-exec-6 - INFO  - root    : At Controller - Customer login function]
[2020/09/23 - http-nio-8080-exec-6 - INFO  - root    : Login successfull]
[2020/09/23 - http-nio-8080-exec-7 - INFO  - root    : At Controller - Show My Tickets function]
[2020/09/23 - http-nio-8080-exec-7 - INFO  - root    : Tickets retrieved]
[2020/09/23 - http-nio-8080-exec-8 - INFO  - root    : At Controller - Show My Tickets function]
[2020/09/23 - http-nio-8080-exec-8 - INFO  - root    : Tickets retrieved]
[2020/09/23 - http-nio-8080-exec-10 - INFO  - root    : At Controller - Show My Tickets function]
[2020/09/23 - http-nio-8080-exec-10 - INFO  - root    : Tickets retrieved]
[2020/09/23 - http-nio-8080-exec-2 - INFO  - root    : At Controller - Show My Tickets function]
[2020/09/23 - http-nio-8080-exec-2 - INFO  - root    : Tickets retrieved]
[2020/09/23 - http-nio-8080-exec-3 - INFO  - root    : At Controller - Show My Tickets function]
[2020/09/23 - http-nio-8080-exec-3 - INFO  - root    : Tickets retrieved]
[2020/09/23 - http-nio-8080-exec-5 - INFO  - root    : At Controller - Show My Tickets function]
[2020/09/23 - http-nio-8080-exec-5 - INFO  - root    : Tickets retrieved]
[2020/09/23 - http-nio-8080-exec-6 - INFO  - root    : At Controller - Show My Tickets function]
[2020/09/23 - http-nio-8080-exec-6 - INFO  - root    : Tickets retrieved]
[2020/09/23 - http-nio-8080-exec-8 - INFO  - root    : At Controller - Show My Tickets function]
[2020/09/23 - http-nio-8080-exec-8 - INFO  - root    : Tickets retrieved]
[2020/09/23 - http-nio-8080-exec-10 - INFO  - root    : At Controller - Show My Tickets function]
[2020/09/23 - http-nio-8080-exec-10 - INFO  - root    : Tickets retrieved]
[2020/09/23 - http-nio-8080-exec-1 - INFO  - root    : At Controller - Show My Tickets function]
[2020/09/23 - http-nio-8080-exec-1 - INFO  - root    : Tickets retrieved]
[2020/09/23 - http-nio-8080-exec-3 - INFO  - root    : At Controller - Show My Tickets function]
[2020/09/23 - http-nio-8080-exec-3 - INFO  - root    : Tickets retrieved]
[2020/09/23 - http-nio-8080-exec-4 - INFO  - root    : At Controller - Show My Tickets function]
[2020/09/23 - http-nio-8080-exec-4 - INFO  - root    : Tickets retrieved]
[2020/09/23 - http-nio-8080-exec-6 - INFO  - root    : At Controller - Show My Tickets function]
[2020/09/23 - http-nio-8080-exec-6 - INFO  - root    : Tickets retrieved]
[2020/09/23 - http-nio-8080-exec-8 - INFO  - root    : At Controller - Show My Tickets function]
[2020/09/23 - http-nio-8080-exec-8 - INFO  - root    : Tickets retrieved]
[2020/09/23 - http-nio-8080-exec-9 - INFO  - root    : At Controller - Show My Tickets function]
[2020/09/23 - http-nio-8080-exec-9 - INFO  - root    : Tickets retrieved]
[2020/09/23 - http-nio-8080-exec-1 - INFO  - root    : At Controller - Show My Tickets function]
[2020/09/23 - http-nio-8080-exec-1 - INFO  - root    : Tickets retrieved]
[2020/09/23 - http-nio-8080-exec-3 - INFO  - root    : At Controller - Show My Tickets function]
[2020/09/23 - http-nio-8080-exec-3 - INFO  - root    : Tickets retrieved]
[2020/09/23 - http-nio-8080-exec-4 - INFO  - root    : At Controller - Show My Tickets function]
[2020/09/23 - http-nio-8080-exec-4 - INFO  - root    : Tickets retrieved]
[2020/09/23 - http-nio-8080-exec-5 - INFO  - root    : At Controller - Show My Tickets function]
[2020/09/23 - http-nio-8080-exec-5 - INFO  - root    : Tickets retrieved]
[2020/09/23 - http-nio-8080-exec-6 - INFO  - root    : At Controller - Show My Tickets function]
[2020/09/23 - http-nio-8080-exec-6 - INFO  - root    : Tickets retrieved]
[2020/09/23 - http-nio-8080-exec-8 - INFO  - root    : At Controller - Show My Tickets function]
[2020/09/23 - http-nio-8080-exec-8 - INFO  - root    : Tickets retrieved]
[2020/09/23 - http-nio-8080-exec-9 - INFO  - root    : At Controller - Show My Tickets function]
[2020/09/23 - http-nio-8080-exec-9 - INFO  - root    : Tickets retrieved]
[2020/09/23 - http-nio-8080-exec-1 - INFO  - root    : At Controller - Show My Tickets function]
[2020/09/23 - http-nio-8080-exec-1 - INFO  - root    : Tickets retrieved]
[2020/09/23 - http-nio-8080-exec-2 - INFO  - root    : At Controller - Show My Tickets function]
[2020/09/23 - http-nio-8080-exec-2 - INFO  - root    : Tickets retrieved]
[2020/09/23 - http-nio-8080-exec-4 - INFO  - root    : At Controller - Show My Tickets function]
[2020/09/23 - http-nio-8080-exec-4 - INFO  - root    : Tickets retrieved]
[2020/09/23 - http-nio-8080-exec-6 - INFO  - root    : At Controller - Show My Tickets function]
[2020/09/23 - http-nio-8080-exec-6 - INFO  - root    : Tickets retrieved]
[2020/09/23 - http-nio-8080-exec-8 - INFO  - root    : At Controller - Show My Tickets function]
[2020/09/23 - http-nio-8080-exec-8 - INFO  - root    : Tickets retrieved]
[2020/09/23 - http-nio-8080-exec-10 - INFO  - root    : At Controller - Show My Tickets function]
[2020/09/23 - http-nio-8080-exec-10 - INFO  - root    : Tickets retrieved]
[2020/09/23 - http-nio-8080-exec-1 - INFO  - root    : At Controller - Show My Tickets function]
[2020/09/23 - http-nio-8080-exec-1 - INFO  - root    : Tickets retrieved]
[2020/09/23 - http-nio-8080-exec-2 - INFO  - root    : At Controller - Show My Tickets function]
[2020/09/23 - http-nio-8080-exec-2 - INFO  - root    : Tickets retrieved]
[2020/09/23 - http-nio-8080-exec-3 - INFO  - root    : At Controller - Show My Tickets function]
[2020/09/23 - http-nio-8080-exec-3 - INFO  - root    : Tickets retrieved]
[2020/09/23 - http-nio-8080-exec-4 - INFO  - root    : At Controller - Show My Tickets function]
[2020/09/23 - http-nio-8080-exec-4 - INFO  - root    : Tickets retrieved]
[2020/09/23 - http-nio-8080-exec-5 - INFO  - root    : At Controller - Show My Tickets function]
[2020/09/23 - http-nio-8080-exec-5 - INFO  - root    : Tickets retrieved]
[2020/09/23 - http-nio-8080-exec-6 - INFO  - root    : At Controller - Show My Tickets function]
[2020/09/23 - http-nio-8080-exec-6 - INFO  - root    : Tickets retrieved]
[2020/09/23 - http-nio-8080-exec-7 - INFO  - root    : At Controller - Show My Tickets function]
[2020/09/23 - http-nio-8080-exec-7 - INFO  - root    : Tickets retrieved]
[2020/09/23 - http-nio-8080-exec-8 - INFO  - root    : At Controller - Show My Tickets function]
[2020/09/23 - http-nio-8080-exec-8 - INFO  - root    : Tickets retrieved]
[2020/09/23 - http-nio-8080-exec-10 - INFO  - root    : At Controller - Show My Tickets function]
[2020/09/23 - http-nio-8080-exec-10 - INFO  - root    : Tickets retrieved]
[2020/09/23 - http-nio-8080-exec-1 - INFO  - root    : At Controller - Show My Tickets function]
[2020/09/23 - http-nio-8080-exec-1 - INFO  - root    : Tickets retrieved]
[2020/09/23 - http-nio-8080-exec-2 - INFO  - root    : At Controller - Show My Tickets function]
[2020/09/23 - http-nio-8080-exec-2 - INFO  - root    : Tickets retrieved]
[2020/09/23 - http-nio-8080-exec-4 - INFO  - root    : At Controller - Show My Tickets function]
[2020/09/23 - http-nio-8080-exec-4 - INFO  - root    : Tickets retrieved]
[2020/09/23 - http-nio-8080-exec-5 - INFO  - root    : At Controller - Show My Tickets function]
[2020/09/23 - http-nio-8080-exec-5 - INFO  - root    : Tickets retrieved]
[2020/09/23 - http-nio-8080-exec-7 - INFO  - root    : At Controller - Show My Tickets function]
[2020/09/23 - http-nio-8080-exec-7 - INFO  - root    : Tickets retrieved]
[2020/09/23 - http-nio-8080-exec-9 - INFO  - root    : At Controller - Show My Tickets function]
[2020/09/23 - http-nio-8080-exec-9 - INFO  - root    : Tickets retrieved]
[2020/09/23 - http-nio-8080-exec-10 - INFO  - root    : At Controller - Show My Tickets function]
[2020/09/23 - http-nio-8080-exec-10 - INFO  - root    : Tickets retrieved]
[2020/09/23 - http-nio-8080-exec-1 - INFO  - root    : At Controller - Show My Tickets function]
[2020/09/23 - http-nio-8080-exec-1 - INFO  - root    : Tickets retrieved]
[2020/09/23 - http-nio-8080-exec-2 - INFO  - root    : At Controller - Show My Tickets function]
[2020/09/23 - http-nio-8080-exec-2 - INFO  - root    : Tickets retrieved]
[2020/09/23 - http-nio-8080-exec-5 - INFO  - root    : At Controller - Register admin function]
[2020/09/23 - http-nio-8080-exec-1 - INFO  - root    : At Controller - Register admin function]
[2020/09/23 - http-nio-8080-exec-1 - INFO  - root    : Sauarbh is registered successfully!..]
[2020/09/23 - http-nio-8080-exec-1 - INFO  - root    : At Controller - Register admin function]
[2020/09/23 - http-nio-8080-exec-1 - INFO  - root    : Saurabh is registered successfully!..]
[2020/09/23 - http-nio-8080-exec-3 - INFO  - root    : At Controller - admin login function]
[2020/09/23 - http-nio-8080-exec-3 - ERROR - root    : Admin doesnt exist]
[2020/09/23 - http-nio-8080-exec-4 - INFO  - root    : At Controller - admin login function]
[2020/09/23 - http-nio-8080-exec-4 - ERROR - root    : Admin doesnt exist]
[2020/09/23 - http-nio-8080-exec-6 - INFO  - root    : At Controller - admin login function]
[2020/09/23 - http-nio-8080-exec-6 - ERROR - root    : Admin doesnt exist]
[2020/09/23 - http-nio-8080-exec-8 - INFO  - root    : At Controller - admin login function]
[2020/09/23 - http-nio-8080-exec-8 - INFO  - root    : Login successfull]
[2020/09/23 - http-nio-8080-exec-10 - INFO  - root    : At Controller - Customer login function]
[2020/09/23 - http-nio-8080-exec-10 - ERROR - root    : Customer doesnt exist]
[2020/09/23 - http-nio-8080-exec-2 - INFO  - root    : At Controller - Register admin function]
[2020/09/23 - http-nio-8080-exec-2 - INFO  - root    : Saurabh is registered successfully!..]
[2020/09/23 - http-nio-8080-exec-2 - INFO  - root    : At Controller - Register admin function]
[2020/09/23 - http-nio-8080-exec-2 - INFO  - root    : Saurabh is registered successfully!..]
[2020/09/23 - http-nio-8080-exec-4 - INFO  - root    : At Controller - Forgot password Admin function]
[2020/09/23 - http-nio-8080-exec-4 - ERROR - root    : UserId does not exist]
[2020/09/23 - http-nio-8080-exec-6 - INFO  - root    : At Controller - Forgot password Admin function]
[2020/09/23 - http-nio-8080-exec-6 - ERROR - root    : UserId does not exist]
[2020/09/23 - http-nio-8080-exec-7 - INFO  - root    : At Controller - Forgot password Admin function]
[2020/09/23 - http-nio-8080-exec-7 - ERROR - root    : UserId does not exist]
[2020/09/23 - http-nio-8080-exec-1 - INFO  - root    : At Controller - Forgot password Admin function]
[2020/09/23 - http-nio-8080-exec-1 - ERROR - root    : UserId does not exist]
[2020/09/23 - http-nio-8080-exec-3 - INFO  - root    : At Controller - Register admin function]
[2020/09/23 - http-nio-8080-exec-3 - INFO  - root    : Saurabh is registered successfully!..]
[2020/09/23 - http-nio-8080-exec-5 - INFO  - root    : At Controller - Forgot password Admin function]
[2020/09/23 - http-nio-8080-exec-5 - INFO  - root    : Password retrieved]
[2020/09/23 - http-nio-8080-exec-7 - INFO  - root    : At Controller - admin login function]
[2020/09/23 - http-nio-8080-exec-7 - INFO  - root    : Login successfull]
[2020/09/23 - http-nio-8080-exec-9 - INFO  - root    : At Controller - Get customer by id function]
[2020/09/23 - http-nio-8080-exec-9 - INFO  - root    : Customer retrieved]
[2020/09/23 - http-nio-8080-exec-10 - INFO  - root    : At Controller - Change password Admin function]
[2020/09/23 - http-nio-8080-exec-10 - ERROR - root    : Current Password is incorrect]
[2020/09/23 - http-nio-8080-exec-2 - INFO  - root    : At Controller - Change password Admin function]
[2020/09/23 - http-nio-8080-exec-2 - INFO  - root    : Password changed successfully]
[2020/09/23 - http-nio-8080-exec-4 - INFO  - root    : At Controller - admin login function]
[2020/09/23 - http-nio-8080-exec-4 - ERROR - root    : Incorrect password]
[2020/09/23 - http-nio-8080-exec-6 - INFO  - root    : At Controller - admin login function]
[2020/09/23 - http-nio-8080-exec-6 - INFO  - root    : Login successfull]
[2020/09/23 - http-nio-8080-exec-7 - INFO  - root    : At Controller - Get Admin by id function]
[2020/09/23 - http-nio-8080-exec-7 - INFO  - root    : Admin retrieved]
[2020/09/23 - http-nio-8080-exec-1 - INFO  - root    : At Controller - Get Admin by id function]
[2020/09/23 - http-nio-8080-exec-1 - INFO  - root    : Admin retrieved]
[2020/09/23 - http-nio-8080-exec-3 - INFO  - root    : At Controller - Register customer function]
[2020/09/23 - http-nio-8080-exec-3 - INFO  - root    : Dhiraj Patil is registered successfully!..]
[2020/09/23 - http-nio-8080-exec-5 - INFO  - root    : At Controller - Customer login function]
[2020/09/23 - http-nio-8080-exec-5 - INFO  - root    : Login successfull]
[2020/09/23 - http-nio-8080-exec-7 - INFO  - root    : At Controller - Get customer by id function]
[2020/09/23 - http-nio-8080-exec-7 - INFO  - root    : Customer retrieved]
[2020/09/23 - http-nio-8080-exec-9 - INFO  - root    : At Controller - Get Admin by id function]
[2020/09/23 - http-nio-8080-exec-9 - INFO  - root    : Admin retrieved]
[2020/09/23 - http-nio-8080-exec-1 - INFO  - root    : At Controller - Register admin function]
[2020/09/23 - http-nio-8080-exec-1 - INFO  - root    : Saurabh is registered successfully!..]
[2020/09/23 - http-nio-8080-exec-2 - INFO  - root    : At Controller - admin login function]
[2020/09/23 - http-nio-8080-exec-2 - INFO  - root    : Login successfull]
[2020/09/23 - http-nio-8080-exec-3 - INFO  - root    : At Controller - Get Admin by id function]
[2020/09/23 - http-nio-8080-exec-3 - INFO  - root    : Admin retrieved]
[2020/09/23 - http-nio-8080-exec-5 - INFO  - root    : At Controller - Edit Customer function]
[2020/09/23 - http-nio-8080-exec-1 - INFO  - root    : At Controller - Get Admin by id function]
[2020/09/23 - http-nio-8080-exec-1 - INFO  - root    : Admin retrieved]
[2020/09/23 - http-nio-8080-exec-3 - INFO  - root    : At Controller - Edit Admin function]
[2020/09/23 - http-nio-8080-exec-3 - INFO  - root    : Saurabh Salve is updated successfully!..]
[2020/09/23 - http-nio-8080-exec-1 - INFO  - root    : At Controller - Show My Tickets function]
[2020/09/23 - http-nio-8080-exec-1 - INFO  - root    : Tickets retrieved]
[2020/09/23 - http-nio-8080-exec-2 - INFO  - root    : At Controller - Register customer function]
[2020/09/23 - http-nio-8080-exec-2 - ERROR - root    : Customer Already Exists.]
[2020/09/23 - http-nio-8080-exec-3 - INFO  - root    : At Controller - Search Theatre function]
[2020/09/23 - http-nio-8080-exec-3 - INFO  - root    : At DAO - Search Theatre]
[2020/09/23 - http-nio-8080-exec-4 - INFO  - root    : At Controller - Get customer by id function]
[2020/09/23 - http-nio-8080-exec-4 - INFO  - root    : Customer retrieved]
[2020/09/23 - http-nio-8080-exec-5 - INFO  - root    : At Controller - Get Admin by id function]
[2020/09/23 - http-nio-8080-exec-5 - INFO  - root    : Admin retrieved]
[2020/09/23 - http-nio-8080-exec-6 - INFO  - root    : At Controller - Register admin function]
[2020/09/23 - http-nio-8080-exec-6 - INFO  - root    : Kunal is registered successfully!..]
[2020/09/23 - http-nio-8080-exec-7 - INFO  - root    : At Controller - Customer login function]
[2020/09/23 - http-nio-8080-exec-7 - ERROR - root    : Incorrect password]
[2020/09/23 - http-nio-8080-exec-8 - INFO  - root    : At Controller - Customer login function]
[2020/09/23 - http-nio-8080-exec-8 - ERROR - root    : Incorrect password]
[2020/09/23 - http-nio-8080-exec-10 - INFO  - root    : At Controller - Customer login function]
[2020/09/23 - http-nio-8080-exec-10 - INFO  - root    : Login successfull]
[2020/09/23 - http-nio-8080-exec-1 - INFO  - root    : At Controller - Customer login function]
[2020/09/23 - http-nio-8080-exec-1 - INFO  - root    : Login successfull]
[2020/09/23 - http-nio-8080-exec-3 - INFO  - root    : At Controller - Get customer by id function]
[2020/09/23 - http-nio-8080-exec-3 - INFO  - root    : Customer retrieved]
[2020/09/23 - http-nio-8080-exec-4 - INFO  - root    : At Controller - Show My Tickets function]
[2020/09/23 - http-nio-8080-exec-4 - INFO  - root    : Tickets retrieved]
[2020/09/23 - http-nio-8080-exec-6 - INFO  - root    : At Controller - Get customer by id function]
[2020/09/23 - http-nio-8080-exec-6 - INFO  - root    : Customer retrieved]
[2020/09/23 - http-nio-8080-exec-8 - INFO  - root    : At Controller - admin login function]
[2020/09/23 - http-nio-8080-exec-8 - INFO  - root    : Login successfull]
